#
# There is insufficient memory for the Java Runtime Environment to continue.
# Native memory allocation (malloc) failed to allocate 1072176 bytes for Chunk::new
# Possible reasons:
#   The system is out of physical RAM or swap space
#   The process is running with CompressedOops enabled, and the Java Heap may be blocking the growth of the native heap
# Possible solutions:
#   Reduce memory load on the system
#   Increase physical memory or swap space
#   Check if swap backing store is full
#   Decrease Java heap size (-Xmx/-Xms)
#   Decrease number of Java threads
#   Decrease Java thread stack sizes (-Xss)
#   Set larger code cache with -XX:ReservedCodeCacheSize=
#   JVM is running with Unscaled Compressed Oops mode in which the Java heap is
#     placed in the first 4GB address space. The Java Heap base address is the
#     maximum limit for the native heap growth. Please use -XX:HeapBaseMinAddress
#     to set the Java Heap base and to place the Java Heap above 4GB virtual address.
# This output file may be truncated or incomplete.
#
#  Out of Memory Error (./src/hotspot/share/memory/arena.cpp:197), pid=25184, tid=8284
#
# JRE version: OpenJDK Runtime Environment Temurin-11.0.14.1+1 (11.0.14.1+1) (build 11.0.14.1+1)
# Java VM: OpenJDK 64-Bit Server VM Temurin-11.0.14.1+1 (11.0.14.1+1, mixed mode, tiered, compressed oops, g1 gc, windows-amd64)
# No core dump will be written. Minidumps are not enabled by default on client versions of Windows
#

---------------  S U M M A R Y ------------

Command Line: org.gradle.launcher.GradleMain -Dorg.gradle.jvmargs=-Xmx4096m --stop

Host: Intel(R) Core(TM) i5-8350U CPU @ 1.70GHz, 8 cores, 7G,  Windows 11 , 64 bit Build 22621 (10.0.22621.4391)
Time: Tue Dec 10 01:00:59 2024 Pakistan Standard Time elapsed time: 7.204230 seconds (0d 0h 0m 7s)

---------------  T H R E A D  ---------------

Current thread (0x000002a34adf0800):  JavaThread "C2 CompilerThread0" daemon [_thread_in_native, id=8284, stack(0x000000b80b700000,0x000000b80b800000)]


Current CompileTask:
C2:   7204 1332  s!   4       jdk.internal.loader.URLClassPath::getLoader (194 bytes)

Stack: [0x000000b80b700000,0x000000b80b800000]
Native frames: (J=compiled Java code, j=interpreted, Vv=VM code, C=native code)
V  [jvm.dll+0x61e59a]
V  [jvm.dll+0x7aaca9]
V  [jvm.dll+0x7ac398]
V  [jvm.dll+0x7aca73]
V  [jvm.dll+0x24f9b8]
V  [jvm.dll+0xc260c]
V  [jvm.dll+0xc2bcc]
V  [jvm.dll+0x3599c2]
V  [jvm.dll+0x325b93]
V  [jvm.dll+0x324eca]
V  [jvm.dll+0x208c05]
V  [jvm.dll+0x207ded]
V  [jvm.dll+0x18a2c1]
V  [jvm.dll+0x217734]
V  [jvm.dll+0x21597b]
V  [jvm.dll+0x76d7c0]
V  [jvm.dll+0x766724]
V  [jvm.dll+0x61d3f6]
C  [ucrtbase.dll+0x29333]
C  [KERNEL32.DLL+0x1259d]
C  [ntdll.dll+0x5af38]


---------------  P R O C E S S  ---------------

Threads class SMR info:
_java_thread_list=0x000002a34be17900, length=12, elements={
0x000002a3295b0800, 0x000002a34a49e800, 0x000002a34a49f000, 0x000002a34a4d7800,
0x000002a34a4d9000, 0x000002a34a4da000, 0x000002a34adf0800, 0x000002a34adf5000,
0x000002a34ae4e000, 0x000002a34afb1800, 0x000002a34b496000, 0x000002a34c63a800
}

Java Threads: ( => current thread )
  0x000002a3295b0800 JavaThread "main" [_thread_in_native, id=34564, stack(0x000000b80ab00000,0x000000b80ac00000)]
  0x000002a34a49e800 JavaThread "Reference Handler" daemon [_thread_blocked, id=40628, stack(0x000000b80b200000,0x000000b80b300000)]
  0x000002a34a49f000 JavaThread "Finalizer" daemon [_thread_blocked, id=15920, stack(0x000000b80b300000,0x000000b80b400000)]
  0x000002a34a4d7800 JavaThread "Signal Dispatcher" daemon [_thread_blocked, id=15324, stack(0x000000b80b400000,0x000000b80b500000)]
  0x000002a34a4d9000 JavaThread "Attach Listener" daemon [_thread_blocked, id=12612, stack(0x000000b80b500000,0x000000b80b600000)]
  0x000002a34a4da000 JavaThread "Service Thread" daemon [_thread_blocked, id=13620, stack(0x000000b80b600000,0x000000b80b700000)]
=>0x000002a34adf0800 JavaThread "C2 CompilerThread0" daemon [_thread_in_native, id=8284, stack(0x000000b80b700000,0x000000b80b800000)]
  0x000002a34adf5000 JavaThread "C1 CompilerThread0" daemon [_thread_blocked, id=16500, stack(0x000000b80b800000,0x000000b80b900000)]
  0x000002a34ae4e000 JavaThread "Sweeper thread" daemon [_thread_blocked, id=29392, stack(0x000000b80b900000,0x000000b80ba00000)]
  0x000002a34afb1800 JavaThread "Common-Cleaner" daemon [_thread_blocked, id=9756, stack(0x000000b80bb00000,0x000000b80bc00000)]
  0x000002a34b496000 JavaThread "pool-1-thread-1" [_thread_blocked, id=38084, stack(0x000000b80bf00000,0x000000b80c000000)]
  0x000002a34c63a800 JavaThread "C2 CompilerThread1" daemon [_thread_in_native, id=9132, stack(0x000000b80bc00000,0x000000b80bd00000)]

Other Threads:
  0x000002a34a49c800 VMThread "VM Thread" [stack: 0x000000b80b100000,0x000000b80b200000] [id=25608]
  0x000002a34afa9000 WatcherThread [stack: 0x000000b80ba00000,0x000000b80bb00000] [id=2096]
  0x000002a3295c8000 GCTaskThread "GC Thread#0" [stack: 0x000000b80ac00000,0x000000b80ad00000] [id=21896]
  0x000002a34b9ed800 GCTaskThread "GC Thread#1" [stack: 0x000000b80bd00000,0x000000b80be00000] [id=34000]
  0x000002a34bef6000 GCTaskThread "GC Thread#2" [stack: 0x000000b80be00000,0x000000b80bf00000] [id=39656]
  0x000002a3295f8800 ConcurrentGCThread "G1 Main Marker" [stack: 0x000000b80ad00000,0x000000b80ae00000] [id=27784]
  0x000002a3295fb000 ConcurrentGCThread "G1 Conc#0" [stack: 0x000000b80ae00000,0x000000b80af00000] [id=34480]
  0x000002a34a304800 ConcurrentGCThread "G1 Refine#0" [stack: 0x000000b80af00000,0x000000b80b000000] [id=12084]
  0x000002a34a306000 ConcurrentGCThread "G1 Young RemSet Sampling" [stack: 0x000000b80b000000,0x000000b80b100000] [id=40388]

Threads with active compile tasks:
C2 CompilerThread0   7243 1332  s!   4       jdk.internal.loader.URLClassPath::getLoader (194 bytes)
C2 CompilerThread1   7243 1356       4       java.lang.ClassLoader::checkName (37 bytes)

VM state:not at safepoint (normal execution)

VM Mutex/Monitor currently owned by a thread: None

Heap address: 0x0000000082600000, size: 2010 MB, Compressed Oops mode: 32-bit
Narrow klass base: 0x0000000000000000, Narrow klass shift: 3
Compressed class space size: 1073741824 Address: 0x0000000100000000

Heap:
 garbage-first heap   total 129024K, used 61622K [0x0000000082600000, 0x0000000100000000)
  region size 1024K, 55 young (56320K), 3 survivors (3072K)
 Metaspace       used 13400K, capacity 13646K, committed 13696K, reserved 1060864K
  class space    used 1551K, capacity 1637K, committed 1664K, reserved 1048576K
Heap Regions: E=young(eden), S=young(survivor), O=old, HS=humongous(starts), HC=humongous(continues), CS=collection set, F=free, A=archive, TAMS=top-at-mark-start (previous, next)
|   0|0x0000000082600000, 0x0000000082700000, 0x0000000082700000|100%|HS|  |TAMS 0x0000000082600000, 0x0000000082600000| Complete 
|   1|0x0000000082700000, 0x0000000082700000, 0x0000000082800000|  0%| F|  |TAMS 0x0000000082700000, 0x0000000082700000| Untracked 
|   2|0x0000000082800000, 0x0000000082800000, 0x0000000082900000|  0%| F|  |TAMS 0x0000000082800000, 0x0000000082800000| Untracked 
|   3|0x0000000082900000, 0x0000000082a00000, 0x0000000082a00000|100%|HS|  |TAMS 0x0000000082900000, 0x0000000082900000| Complete 
|   4|0x0000000082a00000, 0x0000000082b00000, 0x0000000082b00000|100%|HC|  |TAMS 0x0000000082a00000, 0x0000000082a00000| Complete 
|   5|0x0000000082b00000, 0x0000000082c00000, 0x0000000082c00000|100%|HC|  |TAMS 0x0000000082b00000, 0x0000000082b00000| Complete 
|   6|0x0000000082c00000, 0x0000000082d00000, 0x0000000082d00000|100%| O|  |TAMS 0x0000000082c00000, 0x0000000082c00000| Untracked 
|   7|0x0000000082d00000, 0x0000000082e00000, 0x0000000082e00000|100%| O|  |TAMS 0x0000000082d00000, 0x0000000082d00000| Untracked 
|   8|0x0000000082e00000, 0x0000000082f00000, 0x0000000082f00000|100%| O|  |TAMS 0x0000000082e00000, 0x0000000082e00000| Untracked 
|   9|0x0000000082f00000, 0x0000000082f2da00, 0x0000000083000000| 17%| O|  |TAMS 0x0000000082f00000, 0x0000000082f00000| Untracked 
|  10|0x0000000083000000, 0x0000000083000000, 0x0000000083100000|  0%| F|  |TAMS 0x0000000083000000, 0x0000000083000000| Untracked 
|  11|0x0000000083100000, 0x0000000083100000, 0x0000000083200000|  0%| F|  |TAMS 0x0000000083100000, 0x0000000083100000| Untracked 
|  12|0x0000000083200000, 0x0000000083200000, 0x0000000083300000|  0%| F|  |TAMS 0x0000000083200000, 0x0000000083200000| Untracked 
|  13|0x0000000083300000, 0x0000000083300000, 0x0000000083400000|  0%| F|  |TAMS 0x0000000083300000, 0x0000000083300000| Untracked 
|  14|0x0000000083400000, 0x0000000083400000, 0x0000000083500000|  0%| F|  |TAMS 0x0000000083400000, 0x0000000083400000| Untracked 
|  15|0x0000000083500000, 0x0000000083500000, 0x0000000083600000|  0%| F|  |TAMS 0x0000000083500000, 0x0000000083500000| Untracked 
|  16|0x0000000083600000, 0x0000000083600000, 0x0000000083700000|  0%| F|  |TAMS 0x0000000083600000, 0x0000000083600000| Untracked 
|  17|0x0000000083700000, 0x0000000083700000, 0x0000000083800000|  0%| F|  |TAMS 0x0000000083700000, 0x0000000083700000| Untracked 
|  18|0x0000000083800000, 0x0000000083800000, 0x0000000083900000|  0%| F|  |TAMS 0x0000000083800000, 0x0000000083800000| Untracked 
|  19|0x0000000083900000, 0x0000000083900000, 0x0000000083a00000|  0%| F|  |TAMS 0x0000000083900000, 0x0000000083900000| Untracked 
|  20|0x0000000083a00000, 0x0000000083a00000, 0x0000000083b00000|  0%| F|  |TAMS 0x0000000083a00000, 0x0000000083a00000| Untracked 
|  21|0x0000000083b00000, 0x0000000083b00000, 0x0000000083c00000|  0%| F|  |TAMS 0x0000000083b00000, 0x0000000083b00000| Untracked 
|  22|0x0000000083c00000, 0x0000000083c00000, 0x0000000083d00000|  0%| F|  |TAMS 0x0000000083c00000, 0x0000000083c00000| Untracked 
|  23|0x0000000083d00000, 0x0000000083d00000, 0x0000000083e00000|  0%| F|  |TAMS 0x0000000083d00000, 0x0000000083d00000| Untracked 
|  24|0x0000000083e00000, 0x0000000083e00000, 0x0000000083f00000|  0%| F|  |TAMS 0x0000000083e00000, 0x0000000083e00000| Untracked 
|  25|0x0000000083f00000, 0x0000000083f00000, 0x0000000084000000|  0%| F|  |TAMS 0x0000000083f00000, 0x0000000083f00000| Untracked 
|  26|0x0000000084000000, 0x0000000084000000, 0x0000000084100000|  0%| F|  |TAMS 0x0000000084000000, 0x0000000084000000| Untracked 
|  27|0x0000000084100000, 0x0000000084100000, 0x0000000084200000|  0%| F|  |TAMS 0x0000000084100000, 0x0000000084100000| Untracked 
|  28|0x0000000084200000, 0x0000000084200000, 0x0000000084300000|  0%| F|  |TAMS 0x0000000084200000, 0x0000000084200000| Untracked 
|  29|0x0000000084300000, 0x0000000084300000, 0x0000000084400000|  0%| F|  |TAMS 0x0000000084300000, 0x0000000084300000| Untracked 
|  30|0x0000000084400000, 0x0000000084400000, 0x0000000084500000|  0%| F|  |TAMS 0x0000000084400000, 0x0000000084400000| Untracked 
|  31|0x0000000084500000, 0x0000000084500000, 0x0000000084600000|  0%| F|  |TAMS 0x0000000084500000, 0x0000000084500000| Untracked 
|  32|0x0000000084600000, 0x0000000084600000, 0x0000000084700000|  0%| F|  |TAMS 0x0000000084600000, 0x0000000084600000| Untracked 
|  33|0x0000000084700000, 0x0000000084700000, 0x0000000084800000|  0%| F|  |TAMS 0x0000000084700000, 0x0000000084700000| Untracked 
|  34|0x0000000084800000, 0x0000000084800000, 0x0000000084900000|  0%| F|  |TAMS 0x0000000084800000, 0x0000000084800000| Untracked 
|  35|0x0000000084900000, 0x0000000084900000, 0x0000000084a00000|  0%| F|  |TAMS 0x0000000084900000, 0x0000000084900000| Untracked 
|  36|0x0000000084a00000, 0x0000000084a00000, 0x0000000084b00000|  0%| F|  |TAMS 0x0000000084a00000, 0x0000000084a00000| Untracked 
|  37|0x0000000084b00000, 0x0000000084b00000, 0x0000000084c00000|  0%| F|  |TAMS 0x0000000084b00000, 0x0000000084b00000| Untracked 
|  38|0x0000000084c00000, 0x0000000084c00000, 0x0000000084d00000|  0%| F|  |TAMS 0x0000000084c00000, 0x0000000084c00000| Untracked 
|  39|0x0000000084d00000, 0x0000000084d00000, 0x0000000084e00000|  0%| F|  |TAMS 0x0000000084d00000, 0x0000000084d00000| Untracked 
|  40|0x0000000084e00000, 0x0000000084e00000, 0x0000000084f00000|  0%| F|  |TAMS 0x0000000084e00000, 0x0000000084e00000| Untracked 
|  41|0x0000000084f00000, 0x0000000084f00000, 0x0000000085000000|  0%| F|  |TAMS 0x0000000084f00000, 0x0000000084f00000| Untracked 
|  42|0x0000000085000000, 0x0000000085000000, 0x0000000085100000|  0%| F|  |TAMS 0x0000000085000000, 0x0000000085000000| Untracked 
|  43|0x0000000085100000, 0x0000000085100000, 0x0000000085200000|  0%| F|  |TAMS 0x0000000085100000, 0x0000000085100000| Untracked 
|  44|0x0000000085200000, 0x0000000085200000, 0x0000000085300000|  0%| F|  |TAMS 0x0000000085200000, 0x0000000085200000| Untracked 
|  45|0x0000000085300000, 0x0000000085300000, 0x0000000085400000|  0%| F|  |TAMS 0x0000000085300000, 0x0000000085300000| Untracked 
|  46|0x0000000085400000, 0x0000000085400000, 0x0000000085500000|  0%| F|  |TAMS 0x0000000085400000, 0x0000000085400000| Untracked 
|  47|0x0000000085500000, 0x0000000085500000, 0x0000000085600000|  0%| F|  |TAMS 0x0000000085500000, 0x0000000085500000| Untracked 
|  48|0x0000000085600000, 0x0000000085600000, 0x0000000085700000|  0%| F|  |TAMS 0x0000000085600000, 0x0000000085600000| Untracked 
|  49|0x0000000085700000, 0x0000000085700000, 0x0000000085800000|  0%| F|  |TAMS 0x0000000085700000, 0x0000000085700000| Untracked 
|  50|0x0000000085800000, 0x0000000085800000, 0x0000000085900000|  0%| F|  |TAMS 0x0000000085800000, 0x0000000085800000| Untracked 
|  51|0x0000000085900000, 0x0000000085900000, 0x0000000085a00000|  0%| F|  |TAMS 0x0000000085900000, 0x0000000085900000| Untracked 
|  52|0x0000000085a00000, 0x0000000085a00000, 0x0000000085b00000|  0%| F|  |TAMS 0x0000000085a00000, 0x0000000085a00000| Untracked 
|  53|0x0000000085b00000, 0x0000000085b00000, 0x0000000085c00000|  0%| F|  |TAMS 0x0000000085b00000, 0x0000000085b00000| Untracked 
|  54|0x0000000085c00000, 0x0000000085c00000, 0x0000000085d00000|  0%| F|  |TAMS 0x0000000085c00000, 0x0000000085c00000| Untracked 
|  55|0x0000000085d00000, 0x0000000085d00000, 0x0000000085e00000|  0%| F|  |TAMS 0x0000000085d00000, 0x0000000085d00000| Untracked 
|  56|0x0000000085e00000, 0x0000000085e00000, 0x0000000085f00000|  0%| F|  |TAMS 0x0000000085e00000, 0x0000000085e00000| Untracked 
|  57|0x0000000085f00000, 0x0000000085f00000, 0x0000000086000000|  0%| F|  |TAMS 0x0000000085f00000, 0x0000000085f00000| Untracked 
|  58|0x0000000086000000, 0x0000000086000000, 0x0000000086100000|  0%| F|  |TAMS 0x0000000086000000, 0x0000000086000000| Untracked 
|  59|0x0000000086100000, 0x0000000086100000, 0x0000000086200000|  0%| F|  |TAMS 0x0000000086100000, 0x0000000086100000| Untracked 
|  60|0x0000000086200000, 0x0000000086200000, 0x0000000086300000|  0%| F|  |TAMS 0x0000000086200000, 0x0000000086200000| Untracked 
|  61|0x0000000086300000, 0x0000000086300000, 0x0000000086400000|  0%| F|  |TAMS 0x0000000086300000, 0x0000000086300000| Untracked 
|  62|0x0000000086400000, 0x0000000086400000, 0x0000000086500000|  0%| F|  |TAMS 0x0000000086400000, 0x0000000086400000| Untracked 
|  63|0x0000000086500000, 0x0000000086500000, 0x0000000086600000|  0%| F|  |TAMS 0x0000000086500000, 0x0000000086500000| Untracked 
|  64|0x0000000086600000, 0x0000000086600000, 0x0000000086700000|  0%| F|  |TAMS 0x0000000086600000, 0x0000000086600000| Untracked 
|  65|0x0000000086700000, 0x0000000086700000, 0x0000000086800000|  0%| F|  |TAMS 0x0000000086700000, 0x0000000086700000| Untracked 
|  66|0x0000000086800000, 0x0000000086800000, 0x0000000086900000|  0%| F|  |TAMS 0x0000000086800000, 0x0000000086800000| Untracked 
|  67|0x0000000086900000, 0x0000000086900000, 0x0000000086a00000|  0%| F|  |TAMS 0x0000000086900000, 0x0000000086900000| Untracked 
|  68|0x0000000086a00000, 0x0000000086a00000, 0x0000000086b00000|  0%| F|  |TAMS 0x0000000086a00000, 0x0000000086a00000| Untracked 
|  69|0x0000000086b00000, 0x0000000086b00000, 0x0000000086c00000|  0%| F|  |TAMS 0x0000000086b00000, 0x0000000086b00000| Untracked 
|  70|0x0000000086c00000, 0x0000000086c00000, 0x0000000086d00000|  0%| F|  |TAMS 0x0000000086c00000, 0x0000000086c00000| Untracked 
|  71|0x0000000086d00000, 0x0000000086e00000, 0x0000000086e00000|100%| E|  |TAMS 0x0000000086d00000, 0x0000000086d00000| Complete 
|  72|0x0000000086e00000, 0x0000000086f00000, 0x0000000086f00000|100%| E|CS|TAMS 0x0000000086e00000, 0x0000000086e00000| Complete 
|  73|0x0000000086f00000, 0x0000000087000000, 0x0000000087000000|100%| E|CS|TAMS 0x0000000086f00000, 0x0000000086f00000| Complete 
|  74|0x0000000087000000, 0x0000000087100000, 0x0000000087100000|100%| E|CS|TAMS 0x0000000087000000, 0x0000000087000000| Complete 
|  75|0x0000000087100000, 0x0000000087200000, 0x0000000087200000|100%| E|CS|TAMS 0x0000000087100000, 0x0000000087100000| Complete 
|  76|0x0000000087200000, 0x0000000087300000, 0x0000000087300000|100%| E|CS|TAMS 0x0000000087200000, 0x0000000087200000| Complete 
|  77|0x0000000087300000, 0x0000000087400000, 0x0000000087400000|100%| E|CS|TAMS 0x0000000087300000, 0x0000000087300000| Complete 
|  78|0x0000000087400000, 0x0000000087500000, 0x0000000087500000|100%| E|CS|TAMS 0x0000000087400000, 0x0000000087400000| Complete 
|  79|0x0000000087500000, 0x0000000087600000, 0x0000000087600000|100%| E|CS|TAMS 0x0000000087500000, 0x0000000087500000| Complete 
|  80|0x0000000087600000, 0x0000000087700000, 0x0000000087700000|100%| E|CS|TAMS 0x0000000087600000, 0x0000000087600000| Complete 
|  81|0x0000000087700000, 0x0000000087800000, 0x0000000087800000|100%| E|CS|TAMS 0x0000000087700000, 0x0000000087700000| Complete 
|  82|0x0000000087800000, 0x0000000087900000, 0x0000000087900000|100%| E|CS|TAMS 0x0000000087800000, 0x0000000087800000| Complete 
|  83|0x0000000087900000, 0x0000000087a00000, 0x0000000087a00000|100%| E|CS|TAMS 0x0000000087900000, 0x0000000087900000| Complete 
|  84|0x0000000087a00000, 0x0000000087b00000, 0x0000000087b00000|100%| E|CS|TAMS 0x0000000087a00000, 0x0000000087a00000| Complete 
|  85|0x0000000087b00000, 0x0000000087c00000, 0x0000000087c00000|100%| E|CS|TAMS 0x0000000087b00000, 0x0000000087b00000| Complete 
|  86|0x0000000087c00000, 0x0000000087d00000, 0x0000000087d00000|100%| E|CS|TAMS 0x0000000087c00000, 0x0000000087c00000| Complete 
|  87|0x0000000087d00000, 0x0000000087e00000, 0x0000000087e00000|100%| E|CS|TAMS 0x0000000087d00000, 0x0000000087d00000| Complete 
|  88|0x0000000087e00000, 0x0000000087f00000, 0x0000000087f00000|100%| E|CS|TAMS 0x0000000087e00000, 0x0000000087e00000| Complete 
|  89|0x0000000087f00000, 0x0000000088000000, 0x0000000088000000|100%| E|  |TAMS 0x0000000087f00000, 0x0000000087f00000| Complete 
|  90|0x0000000088000000, 0x0000000088100000, 0x0000000088100000|100%| E|CS|TAMS 0x0000000088000000, 0x0000000088000000| Complete 
|  91|0x0000000088100000, 0x0000000088200000, 0x0000000088200000|100%| E|CS|TAMS 0x0000000088100000, 0x0000000088100000| Complete 
|  92|0x0000000088200000, 0x0000000088300000, 0x0000000088300000|100%| E|CS|TAMS 0x0000000088200000, 0x0000000088200000| Complete 
|  93|0x0000000088300000, 0x0000000088400000, 0x0000000088400000|100%| E|CS|TAMS 0x0000000088300000, 0x0000000088300000| Complete 
|  94|0x0000000088400000, 0x0000000088500000, 0x0000000088500000|100%| E|CS|TAMS 0x0000000088400000, 0x0000000088400000| Complete 
|  95|0x0000000088500000, 0x0000000088600000, 0x0000000088600000|100%| E|CS|TAMS 0x0000000088500000, 0x0000000088500000| Complete 
|  96|0x0000000088600000, 0x0000000088700000, 0x0000000088700000|100%| E|CS|TAMS 0x0000000088600000, 0x0000000088600000| Complete 
|  97|0x0000000088700000, 0x0000000088800000, 0x0000000088800000|100%| E|CS|TAMS 0x0000000088700000, 0x0000000088700000| Complete 
|  98|0x0000000088800000, 0x0000000088900000, 0x0000000088900000|100%| E|CS|TAMS 0x0000000088800000, 0x0000000088800000| Complete 
|  99|0x0000000088900000, 0x0000000088a00000, 0x0000000088a00000|100%| S|CS|TAMS 0x0000000088900000, 0x0000000088900000| Complete 
| 100|0x0000000088a00000, 0x0000000088b00000, 0x0000000088b00000|100%| S|CS|TAMS 0x0000000088a00000, 0x0000000088a00000| Complete 
| 101|0x0000000088b00000, 0x0000000088c00000, 0x0000000088c00000|100%| S|CS|TAMS 0x0000000088b00000, 0x0000000088b00000| Complete 
| 102|0x0000000088c00000, 0x0000000088d00000, 0x0000000088d00000|100%| E|CS|TAMS 0x0000000088c00000, 0x0000000088c00000| Complete 
| 103|0x0000000088d00000, 0x0000000088e00000, 0x0000000088e00000|100%| E|CS|TAMS 0x0000000088d00000, 0x0000000088d00000| Complete 
| 104|0x0000000088e00000, 0x0000000088f00000, 0x0000000088f00000|100%| E|CS|TAMS 0x0000000088e00000, 0x0000000088e00000| Complete 
| 105|0x0000000088f00000, 0x0000000089000000, 0x0000000089000000|100%| E|CS|TAMS 0x0000000088f00000, 0x0000000088f00000| Complete 
| 106|0x0000000089000000, 0x0000000089100000, 0x0000000089100000|100%| E|CS|TAMS 0x0000000089000000, 0x0000000089000000| Complete 
| 107|0x0000000089100000, 0x0000000089200000, 0x0000000089200000|100%| E|CS|TAMS 0x0000000089100000, 0x0000000089100000| Complete 
| 108|0x0000000089200000, 0x0000000089300000, 0x0000000089300000|100%| E|CS|TAMS 0x0000000089200000, 0x0000000089200000| Complete 
| 109|0x0000000089300000, 0x0000000089400000, 0x0000000089400000|100%| E|CS|TAMS 0x0000000089300000, 0x0000000089300000| Complete 
| 110|0x0000000089400000, 0x0000000089500000, 0x0000000089500000|100%| E|CS|TAMS 0x0000000089400000, 0x0000000089400000| Complete 
| 111|0x0000000089500000, 0x0000000089600000, 0x0000000089600000|100%| E|CS|TAMS 0x0000000089500000, 0x0000000089500000| Complete 
| 112|0x0000000089600000, 0x0000000089700000, 0x0000000089700000|100%| E|CS|TAMS 0x0000000089600000, 0x0000000089600000| Complete 
| 113|0x0000000089700000, 0x0000000089800000, 0x0000000089800000|100%| E|CS|TAMS 0x0000000089700000, 0x0000000089700000| Complete 
| 114|0x0000000089800000, 0x0000000089900000, 0x0000000089900000|100%| E|CS|TAMS 0x0000000089800000, 0x0000000089800000| Complete 
| 115|0x0000000089900000, 0x0000000089a00000, 0x0000000089a00000|100%| E|CS|TAMS 0x0000000089900000, 0x0000000089900000| Complete 
| 116|0x0000000089a00000, 0x0000000089b00000, 0x0000000089b00000|100%| E|CS|TAMS 0x0000000089a00000, 0x0000000089a00000| Complete 
| 117|0x0000000089b00000, 0x0000000089c00000, 0x0000000089c00000|100%| E|CS|TAMS 0x0000000089b00000, 0x0000000089b00000| Complete 
| 118|0x0000000089c00000, 0x0000000089d00000, 0x0000000089d00000|100%| E|CS|TAMS 0x0000000089c00000, 0x0000000089c00000| Complete 
| 119|0x0000000089d00000, 0x0000000089e00000, 0x0000000089e00000|100%| E|CS|TAMS 0x0000000089d00000, 0x0000000089d00000| Complete 
| 120|0x0000000089e00000, 0x0000000089f00000, 0x0000000089f00000|100%| E|CS|TAMS 0x0000000089e00000, 0x0000000089e00000| Complete 
| 121|0x0000000089f00000, 0x000000008a000000, 0x000000008a000000|100%| E|CS|TAMS 0x0000000089f00000, 0x0000000089f00000| Complete 
| 122|0x000000008a000000, 0x000000008a100000, 0x000000008a100000|100%| E|CS|TAMS 0x000000008a000000, 0x000000008a000000| Complete 
| 123|0x000000008a100000, 0x000000008a200000, 0x000000008a200000|100%| E|CS|TAMS 0x000000008a100000, 0x000000008a100000| Complete 
| 124|0x000000008a200000, 0x000000008a300000, 0x000000008a300000|100%| E|CS|TAMS 0x000000008a200000, 0x000000008a200000| Complete 
| 125|0x000000008a300000, 0x000000008a400000, 0x000000008a400000|100%| E|CS|TAMS 0x000000008a300000, 0x000000008a300000| Complete 

Card table byte_map: [0x000002a343310000,0x000002a343700000] _byte_map_base: 0x000002a342efd000

Marking Bits (Prev, Next): (CMBitMap*) 0x000002a3295efb08, (CMBitMap*) 0x000002a3295efb40
 Prev Bits: [0x000002a343af0000, 0x000002a345a58000)
 Next Bits: [0x000002a345a60000, 0x000002a3479c8000)

Polling page: 0x000002a333490000

Metaspace:

Usage:
  Non-class:     11.73 MB capacity,    11.59 MB ( 99%) used,   120.30 KB (  1%) free+waste,    19.13 KB ( <1%) overhead. 
      Class:      1.63 MB capacity,     1.52 MB ( 93%) used,   103.24 KB (  6%) free+waste,     9.63 KB ( <1%) overhead. 
       Both:     13.36 MB capacity,    13.11 MB ( 98%) used,   223.55 KB (  2%) free+waste,    28.75 KB ( <1%) overhead. 

Virtual space:
  Non-class space:       12.00 MB reserved,      11.75 MB ( 98%) committed 
      Class space:        1.00 GB reserved,       1.75 MB ( <1%) committed 
             Both:        1.01 GB reserved,      13.50 MB (  1%) committed 

Chunk freelists:
   Non-Class:  23.00 KB
       Class:  27.00 KB
        Both:  50.00 KB

MaxMetaspaceSize: 17179869184.00 GB
CompressedClassSpaceSize: 1.00 GB
Initial GC threshold: 20.80 MB
Current GC threshold: 20.80 MB
CDS: off

CodeHeap 'non-profiled nmethods': size=120000Kb used=636Kb max_used=636Kb free=119363Kb
 bounds [0x000002a33af80000, 0x000002a33b1f0000, 0x000002a3424b0000]
CodeHeap 'profiled nmethods': size=120000Kb used=2835Kb max_used=2835Kb free=117164Kb
 bounds [0x000002a333a50000, 0x000002a333d20000, 0x000002a33af80000]
CodeHeap 'non-nmethods': size=5760Kb used=1129Kb max_used=1152Kb free=4630Kb
 bounds [0x000002a3334b0000, 0x000002a333720000, 0x000002a333a50000]
 total_blobs=1738 nmethods=1356 adapters=295
 compilation: enabled
              stopped_count=0, restarted_count=0
 full_count=0

Compilation events (20 events):
Event: 7.110 Thread 0x000002a34adf5000 nmethod 1340 0x000002a333d0e710 code [0x000002a333d0e920, 0x000002a333d0eda8]
Event: 7.110 Thread 0x000002a34adf5000 1339       3       java.lang.Class$Atomic::casReflectionData (13 bytes)
Event: 7.110 Thread 0x000002a34adf5000 nmethod 1339 0x000002a333d0f010 code [0x000002a333d0f1c0, 0x000002a333d0f2f8]
Event: 7.110 Thread 0x000002a34adf5000 1341       1       org.gradle.internal.service.DefaultServiceRegistry::access$1100 (5 bytes)
Event: 7.111 Thread 0x000002a34adf5000 nmethod 1341 0x000002a33b016b10 code [0x000002a33b016cc0, 0x000002a33b016d58]
Event: 7.111 Thread 0x000002a34adf5000 1342       1       org.gradle.internal.service.DefaultServiceRegistry$ClassInspector$ClassDetails::access$2100 (5 bytes)
Event: 7.111 Thread 0x000002a34adf5000 nmethod 1342 0x000002a33b016e10 code [0x000002a33b016fc0, 0x000002a33b017058]
Event: 7.111 Thread 0x000002a34adf5000 1343       1       org.gradle.internal.service.AbstractServiceMethod::getServiceType (5 bytes)
Event: 7.111 Thread 0x000002a34adf5000 nmethod 1343 0x000002a33b017110 code [0x000002a33b0172c0, 0x000002a33b017378]
Event: 7.113 Thread 0x000002a34adf5000 1344       3       java.util.concurrent.ConcurrentHashMap::<init> (5 bytes)
Event: 7.113 Thread 0x000002a34adf5000 nmethod 1344 0x000002a333d0f390 code [0x000002a333d0f540, 0x000002a333d0f6f8]
Event: 7.131 Thread 0x000002a34c63a800 nmethod 1300 0x000002a33b017410 code [0x000002a33b017820, 0x000002a33b01a4a0]
Event: 7.132 Thread 0x000002a34c63a800 1317       4       java.lang.StringBuilder::<init> (7 bytes)
Event: 7.134 Thread 0x000002a34c63a800 nmethod 1317 0x000002a33b01bb10 code [0x000002a33b01bca0, 0x000002a33b01be58]
Event: 7.134 Thread 0x000002a34c63a800 1259       4       java.util.zip.Inflater::ensureOpen (47 bytes)
Event: 7.135 Thread 0x000002a34c63a800 nmethod 1259 0x000002a33b01bf10 code [0x000002a33b01c0a0, 0x000002a33b01c138]
Event: 7.194 Thread 0x000002a34adf5000 1346       3       java.lang.Class::getInterfaces (49 bytes)
Event: 7.195 Thread 0x000002a34adf5000 nmethod 1346 0x000002a333d0f810 code [0x000002a333d0fa20, 0x000002a333d0feb8]
Event: 7.195 Thread 0x000002a34adf5000 1345       3       org.gradle.internal.service.DefaultServiceRegistry$OwnServices::putServiceType (48 bytes)
Event: 7.195 Thread 0x000002a34adf5000 nmethod 1345 0x000002a333d10010 code [0x000002a333d10220, 0x000002a333d10758]

GC Heap History (2 events):
Event: 1.052 GC heap before
{Heap before GC invocations=0 (full 0):
 garbage-first heap   total 129024K, used 29696K [0x0000000082600000, 0x0000000100000000)
  region size 1024K, 24 young (24576K), 0 survivors (0K)
 Metaspace       used 10001K, capacity 10221K, committed 10368K, reserved 1058816K
  class space    used 1048K, capacity 1132K, committed 1152K, reserved 1048576K
}
Event: 1.058 GC heap after
{Heap after GC invocations=1 (full 0):
 garbage-first heap   total 129024K, used 9398K [0x0000000082600000, 0x0000000100000000)
  region size 1024K, 3 young (3072K), 3 survivors (3072K)
 Metaspace       used 10001K, capacity 10221K, committed 10368K, reserved 1058816K
  class space    used 1048K, capacity 1132K, committed 1152K, reserved 1048576K
}

Deoptimization events (20 events):
Event: 6.809 Thread 0x000002a3295b0800 DEOPT PACKING pc=0x000002a333ad14a1 sp=0x000000b80abfc160
Event: 6.809 Thread 0x000002a3295b0800 DEOPT UNPACKING pc=0x000002a3334fa95e sp=0x000000b80abfb658 mode 0
Event: 6.812 Thread 0x000002a3295b0800 DEOPT PACKING pc=0x000002a333ad14a1 sp=0x000000b80abfc160
Event: 6.812 Thread 0x000002a3295b0800 DEOPT UNPACKING pc=0x000002a3334fa95e sp=0x000000b80abfb658 mode 0
Event: 6.827 Thread 0x000002a3295b0800 DEOPT PACKING pc=0x000002a333b18a46 sp=0x000000b80abf6b80
Event: 6.827 Thread 0x000002a3295b0800 DEOPT UNPACKING pc=0x000002a3334fa95e sp=0x000000b80abf6170 mode 0
Event: 6.866 Thread 0x000002a3295b0800 DEOPT PACKING pc=0x000002a333b18a46 sp=0x000000b80abf6b80
Event: 6.866 Thread 0x000002a3295b0800 DEOPT UNPACKING pc=0x000002a3334fa95e sp=0x000000b80abf6170 mode 0
Event: 6.910 Thread 0x000002a3295b0800 DEOPT PACKING pc=0x000002a333b18a46 sp=0x000000b80abf6a70
Event: 6.910 Thread 0x000002a3295b0800 DEOPT UNPACKING pc=0x000002a3334fa95e sp=0x000000b80abf6048 mode 0
Event: 6.939 Thread 0x000002a3295b0800 Uncommon trap: trap_request=0xffffff4d fr.pc=0x000002a33afd74bc relative=0x00000000000010dc
Event: 6.939 Thread 0x000002a3295b0800 Uncommon trap: reason=unstable_if action=reinterpret pc=0x000002a33afd74bc method=jdk.internal.loader.URLClassPath.getLoader(I)Ljdk/internal/loader/URLClassPath$Loader; @ 95 c2
Event: 6.939 Thread 0x000002a3295b0800 DEOPT PACKING pc=0x000002a33afd74bc sp=0x000000b80abfa8c0
Event: 6.939 Thread 0x000002a3295b0800 DEOPT UNPACKING pc=0x000002a3334fa1af sp=0x000000b80abfa8d0 mode 2
Event: 6.940 Thread 0x000002a3295b0800 Uncommon trap: trap_request=0xffffffb5 fr.pc=0x000002a33afcbf18 relative=0x00000000000000d8
Event: 6.940 Thread 0x000002a3295b0800 Uncommon trap: reason=unloaded action=reinterpret pc=0x000002a33afcbf18 method=jdk.internal.loader.URLClassPath$JarLoader.ensureOpen()V @ 26 c2
Event: 6.940 Thread 0x000002a3295b0800 DEOPT PACKING pc=0x000002a33afcbf18 sp=0x000000b80abf8d10
Event: 6.940 Thread 0x000002a3295b0800 DEOPT UNPACKING pc=0x000002a3334fa1af sp=0x000000b80abf8c98 mode 2
Event: 7.009 Thread 0x000002a3295b0800 DEOPT PACKING pc=0x000002a333b361b0 sp=0x000000b80abfa9f0
Event: 7.009 Thread 0x000002a3295b0800 DEOPT UNPACKING pc=0x000002a3334fa95e sp=0x000000b80abf9f08 mode 0

Classes redefined (0 events):
No events

Internal exceptions (12 events):
Event: 0.149 Thread 0x000002a3295b0800 Exception <a 'java/lang/NoSuchMethodError'{0x000000008a105e08}: 'int java.lang.invoke.DirectMethodHandle$Holder.invokeStaticInit(java.lang.Object, java.lang.Object)'> (0x000000008a105e08) thrown at [./src/hotspot/share/interpreter/linkResolver.cpp, line 773]
Event: 0.546 Thread 0x000002a3295b0800 Exception <a 'java/lang/NoSuchMethodError'{0x000000008a1da6b8}: 'int java.lang.invoke.DirectMethodHandle$Holder.invokeSpecial(java.lang.Object, java.lang.Object, java.lang.Object, java.lang.Object)'> (0x000000008a1da6b8) thrown at [./src/hotspot/share/interpreter/linkResolver.cpp, line 773]
Event: 0.553 Thread 0x000002a3295b0800 Exception <a 'java/lang/NoSuchMethodError'{0x000000008a012b88}: 'int java.lang.invoke.DirectMethodHandle$Holder.invokeSpecialIFC(java.lang.Object, java.lang.Object, int)'> (0x000000008a012b88) thrown at [./src/hotspot/share/interpreter/linkResolver.cpp, line 773]
Event: 0.951 Thread 0x000002a3295b0800 Implicit null exception at 0x000002a33afc38f5 to 0x000002a33afc3ac4
Event: 0.972 Thread 0x000002a3295b0800 Exception <a 'java/lang/NoClassDefFoundError'{0x0000000088e593d8}: org/slf4j/impl/StaticMarkerBinder> (0x0000000088e593d8) thrown at [./src/hotspot/share/classfile/systemDictionary.cpp, line 219]
Event: 0.993 Thread 0x000002a3295b0800 Exception <a 'java/lang/NoSuchMethodError'{0x0000000088d52058}: 'java.lang.Object java.lang.invoke.DirectMethodHandle$Holder.invokeVirtual(java.lang.Object, java.lang.Object, java.lang.Object, java.lang.Object, java.lang.Object, java.lang.Object, java.lang.Object)'> (0x0000000088d52058) thrown at [./src/hotspot/share/interpreter/linkResolver.cpp, line 773]
Event: 0.995 Thread 0x000002a3295b0800 Exception <a 'java/lang/NoSuchMethodError'{0x0000000088d65538}: 'java.lang.Object java.lang.invoke.Invokers$Holder.invoker(java.lang.Object, java.lang.Object, java.lang.Object)'> (0x0000000088d65538) thrown at [./src/hotspot/share/interpreter/linkResolver.cpp, line 773]
Event: 0.997 Thread 0x000002a3295b0800 Exception <a 'java/lang/NoSuchMethodError'{0x0000000088d76090}: 'void java.lang.invoke.DelegatingMethodHandle$Holder.delegate(java.lang.Object, java.lang.Object, int, java.lang.Object)'> (0x0000000088d76090) thrown at [./src/hotspot/share/interpreter/linkResolver.cpp, line 773]
Event: 1.890 Thread 0x000002a3295b0800 Exception <a 'java/lang/NoSuchMethodError'{0x0000000089e257a8}: 'java.lang.Object java.lang.invoke.DirectMethodHandle$Holder.invokeInterface(java.lang.Object, java.lang.Object, java.lang.Object)'> (0x0000000089e257a8) thrown at [./src/hotspot/share/interpreter/linkResolver.cpp, line 773]
Event: 3.285 Thread 0x000002a3295b0800 Exception <a 'java/lang/NoSuchMethodError'{0x0000000089ca1120}: 'java.lang.Object java.lang.invoke.DirectMethodHandle$Holder.invokeStaticInit(java.lang.Object, java.lang.Object, java.lang.Object)'> (0x0000000089ca1120) thrown at [./src/hotspot/share/interpreter/linkResolver.cpp, line 773]
Event: 6.940 Thread 0x000002a3295b0800 Exception <a 'java/security/PrivilegedActionException'{0x0000000087cf5838}> (0x0000000087cf5838) thrown at [./src/hotspot/share/prims/jvm.cpp, line 1306]
Event: 6.940 Thread 0x000002a3295b0800 Exception <a 'java/security/PrivilegedActionException'{0x0000000087cf6058}> (0x0000000087cf6058) thrown at [./src/hotspot/share/prims/jvm.cpp, line 1306]

Events (20 events):
Event: 7.165 loading class org/gradle/api/attributes/AttributesSchema
Event: 7.165 loading class org/gradle/api/attributes/AttributesSchema done
Event: 7.165 loading class org/gradle/api/internal/artifacts/dsl/dependencies/PlatformSupport
Event: 7.165 loading class org/gradle/api/internal/artifacts/dsl/dependencies/PlatformSupport done
Event: 7.172 loading class org/gradle/api/internal/artifacts/transform/InputArtifactAnnotationHandler
Event: 7.172 loading class org/gradle/api/internal/artifacts/transform/InputArtifactAnnotationHandler done
Event: 7.178 loading class org/gradle/api/internal/tasks/properties/annotations/AbstractInputFilePropertyAnnotationHandler
Event: 7.178 loading class org/gradle/api/internal/tasks/properties/annotations/AbstractInputFilePropertyAnnotationHandler done
Event: 7.180 loading class org/gradle/api/internal/artifacts/transform/ArtifactTransformParameterScheme
Event: 7.180 loading class org/gradle/api/internal/artifacts/transform/ArtifactTransformParameterScheme done
Event: 7.186 loading class org/gradle/api/internal/artifacts/transform/ArtifactTransformActionScheme
Event: 7.186 loading class org/gradle/api/internal/artifacts/transform/ArtifactTransformActionScheme done
Event: 7.188 loading class org/gradle/api/internal/artifacts/transform/InputArtifactDependenciesAnnotationHandler
Event: 7.188 loading class org/gradle/api/internal/artifacts/transform/InputArtifactDependenciesAnnotationHandler done
Event: 7.188 loading class org/gradle/api/artifacts/component/ComponentSelector
Event: 7.188 loading class org/gradle/api/artifacts/component/ComponentSelector done
Event: 7.191 loading class org/gradle/internal/resource/ExternalResourceName
Event: 7.191 loading class org/gradle/internal/resource/ExternalResourceName done
Event: 7.194 loading class org/gradle/api/internal/artifacts/configurations/MarkConfigurationObservedListener
Event: 7.194 loading class org/gradle/api/internal/artifacts/configurations/MarkConfigurationObservedListener done


Dynamic libraries:
0x00007ff713780000 - 0x00007ff71378d000 	D:\2022.3.48f1\Editor\Data\PlaybackEngines\AndroidPlayer\OpenJDK\bin\java.exe
0x00007ffd273f0000 - 0x00007ffd27607000 	C:\WINDOWS\SYSTEM32\ntdll.dll
0x00007ffd25e80000 - 0x00007ffd25f44000 	C:\WINDOWS\System32\KERNEL32.DLL
0x00007ffd24a00000 - 0x00007ffd24dba000 	C:\WINDOWS\System32\KERNELBASE.dll
0x00007ffd24dc0000 - 0x00007ffd24ed1000 	C:\WINDOWS\System32\ucrtbase.dll
0x00007ffd18a70000 - 0x00007ffd18a85000 	D:\2022.3.48f1\Editor\Data\PlaybackEngines\AndroidPlayer\OpenJDK\bin\VCRUNTIME140.dll
0x00007ffd176b0000 - 0x00007ffd176c7000 	D:\2022.3.48f1\Editor\Data\PlaybackEngines\AndroidPlayer\OpenJDK\bin\jli.dll
0x00007ffd255c0000 - 0x00007ffd2576e000 	C:\WINDOWS\System32\USER32.dll
0x00007ffd24830000 - 0x00007ffd24856000 	C:\WINDOWS\System32\win32u.dll
0x00007ffd25100000 - 0x00007ffd25129000 	C:\WINDOWS\System32\GDI32.dll
0x00007ffd24860000 - 0x00007ffd2497b000 	C:\WINDOWS\System32\gdi32full.dll
0x00007ffd24790000 - 0x00007ffd2482a000 	C:\WINDOWS\System32\msvcp_win.dll
0x00007ffd0e630000 - 0x00007ffd0e8c2000 	C:\WINDOWS\WinSxS\amd64_microsoft.windows.common-controls_6595b64144ccf1df_6.0.22621.4541_none_2710d1c57384c085\COMCTL32.dll
0x00007ffd26f20000 - 0x00007ffd26fc7000 	C:\WINDOWS\System32\msvcrt.dll
0x00007ffd272b0000 - 0x00007ffd272e1000 	C:\WINDOWS\System32\IMM32.DLL
0x00007ffce30b0000 - 0x00007ffce314b000 	D:\2022.3.48f1\Editor\Data\PlaybackEngines\AndroidPlayer\OpenJDK\bin\msvcp140.dll
0x00007ffcdf080000 - 0x00007ffcdfc01000 	D:\2022.3.48f1\Editor\Data\PlaybackEngines\AndroidPlayer\OpenJDK\bin\server\jvm.dll
0x00007ffd272f0000 - 0x00007ffd273a2000 	C:\WINDOWS\System32\ADVAPI32.dll
0x00007ffd25b40000 - 0x00007ffd25be7000 	C:\WINDOWS\System32\sechost.dll
0x00007ffd24ee0000 - 0x00007ffd24f08000 	C:\WINDOWS\System32\bcrypt.dll
0x00007ffd26fe0000 - 0x00007ffd270f4000 	C:\WINDOWS\System32\RPCRT4.dll
0x00007ffd259f0000 - 0x00007ffd259f8000 	C:\WINDOWS\System32\PSAPI.DLL
0x00007ffd1ce90000 - 0x00007ffd1ce99000 	C:\WINDOWS\SYSTEM32\WSOCK32.dll
0x00007ffd27230000 - 0x00007ffd272a1000 	C:\WINDOWS\System32\WS2_32.dll
0x00007ffd18640000 - 0x00007ffd1864a000 	C:\WINDOWS\SYSTEM32\VERSION.dll
0x00007ffd1bc40000 - 0x00007ffd1bc74000 	C:\WINDOWS\SYSTEM32\WINMM.dll
0x00007ffd23800000 - 0x00007ffd23818000 	C:\WINDOWS\SYSTEM32\kernel.appcore.dll
0x00007ffd1c010000 - 0x00007ffd1c020000 	D:\2022.3.48f1\Editor\Data\PlaybackEngines\AndroidPlayer\OpenJDK\bin\verify.dll
0x00007ffd22010000 - 0x00007ffd22242000 	C:\WINDOWS\SYSTEM32\DBGHELP.DLL
0x00007ffd25130000 - 0x00007ffd254bf000 	C:\WINDOWS\System32\combase.dll
0x00007ffd25a00000 - 0x00007ffd25ad7000 	C:\WINDOWS\System32\OLEAUT32.dll
0x00007ffd09e20000 - 0x00007ffd09e52000 	C:\WINDOWS\SYSTEM32\dbgcore.DLL
0x00007ffd24980000 - 0x00007ffd249fb000 	C:\WINDOWS\System32\bcryptPrimitives.dll
0x00007ffcfd0e0000 - 0x00007ffcfd108000 	D:\2022.3.48f1\Editor\Data\PlaybackEngines\AndroidPlayer\OpenJDK\bin\java.dll
0x00007ffd18d10000 - 0x00007ffd18d1a000 	D:\2022.3.48f1\Editor\Data\PlaybackEngines\AndroidPlayer\OpenJDK\bin\jimage.dll
0x00007ffd17120000 - 0x00007ffd17138000 	D:\2022.3.48f1\Editor\Data\PlaybackEngines\AndroidPlayer\OpenJDK\bin\zip.dll
0x00007ffd26130000 - 0x00007ffd269a8000 	C:\WINDOWS\System32\SHELL32.dll
0x00007ffd22620000 - 0x00007ffd22f28000 	C:\WINDOWS\SYSTEM32\windows.storage.dll
0x00007ffd224d0000 - 0x00007ffd2260f000 	C:\WINDOWS\SYSTEM32\wintypes.dll
0x00007ffd254c0000 - 0x00007ffd255ba000 	C:\WINDOWS\System32\SHCORE.dll
0x00007ffd25dd0000 - 0x00007ffd25e2e000 	C:\WINDOWS\System32\shlwapi.dll
0x00007ffd24600000 - 0x00007ffd2462b000 	C:\WINDOWS\SYSTEM32\profapi.dll
0x00007ffd0f930000 - 0x00007ffd0f949000 	D:\2022.3.48f1\Editor\Data\PlaybackEngines\AndroidPlayer\OpenJDK\bin\net.dll
0x00007ffd1b960000 - 0x00007ffd1ba96000 	C:\WINDOWS\SYSTEM32\WINHTTP.dll
0x00007ffd23c80000 - 0x00007ffd23ce9000 	C:\WINDOWS\system32\mswsock.dll
0x00007ffd0b550000 - 0x00007ffd0b563000 	D:\2022.3.48f1\Editor\Data\PlaybackEngines\AndroidPlayer\OpenJDK\bin\nio.dll
0x00007ffcfb930000 - 0x00007ffcfb957000 	C:\Users\EliteBook\.gradle\native\e1d6ef7f7dcc3fd88c89a11ec53ec762bb8ba0a96d01ffa2cd45eb1d1d8dd5c5\windows-amd64\native-platform.dll
0x00007ffd175c0000 - 0x00007ffd175c9000 	D:\2022.3.48f1\Editor\Data\PlaybackEngines\AndroidPlayer\OpenJDK\bin\management.dll
0x00007ffd174a0000 - 0x00007ffd174ab000 	D:\2022.3.48f1\Editor\Data\PlaybackEngines\AndroidPlayer\OpenJDK\bin\management_ext.dll

dbghelp: loaded successfully - version: 4.0.5 - missing functions: none
symbol engine: initialized successfully - sym options: 0x614 - pdb path: .;D:\2022.3.48f1\Editor\Data\PlaybackEngines\AndroidPlayer\OpenJDK\bin;C:\WINDOWS\SYSTEM32;C:\WINDOWS\WinSxS\amd64_microsoft.windows.common-controls_6595b64144ccf1df_6.0.22621.4541_none_2710d1c57384c085;D:\2022.3.48f1\Editor\Data\PlaybackEngines\AndroidPlayer\OpenJDK\bin\server;C:\Users\EliteBook\.gradle\native\e1d6ef7f7dcc3fd88c89a11ec53ec762bb8ba0a96d01ffa2cd45eb1d1d8dd5c5\windows-amd64

VM Arguments:
java_command: org.gradle.launcher.GradleMain -Dorg.gradle.jvmargs=-Xmx4096m --stop
java_class_path (initial): D:\2022.3.48f1\Editor\Data\PlaybackEngines\AndroidPlayer\Tools\gradle\lib\gradle-launcher-7.5.1.jar
Launcher Type: SUN_STANDARD

[Global flags]
     intx CICompilerCount                          = 4                                         {product} {ergonomic}
     uint ConcGCThreads                            = 2                                         {product} {ergonomic}
     uint G1ConcRefinementThreads                  = 8                                         {product} {ergonomic}
   size_t G1HeapRegionSize                         = 1048576                                   {product} {ergonomic}
    uintx GCDrainStackTargetSize                   = 64                                        {product} {ergonomic}
   size_t InitialHeapSize                          = 132120576                                 {product} {ergonomic}
   size_t MarkStackSize                            = 4194304                                   {product} {ergonomic}
   size_t MaxHeapSize                              = 2107637760                                {product} {ergonomic}
   size_t MaxNewSize                               = 1264582656                                {product} {ergonomic}
   size_t MinHeapDeltaBytes                        = 1048576                                   {product} {ergonomic}
    uintx NonNMethodCodeHeapSize                   = 5836300                                {pd product} {ergonomic}
    uintx NonProfiledCodeHeapSize                  = 122910970                              {pd product} {ergonomic}
    uintx ProfiledCodeHeapSize                     = 122910970                              {pd product} {ergonomic}
    uintx ReservedCodeCacheSize                    = 251658240                              {pd product} {ergonomic}
     bool SegmentedCodeCache                       = true                                      {product} {ergonomic}
     bool UseCompressedClassPointers               = true                                 {lp64_product} {ergonomic}
     bool UseCompressedOops                        = true                                 {lp64_product} {ergonomic}
     bool UseG1GC                                  = true                                      {product} {ergonomic}
     bool UseLargePagesIndividualAllocation        = false                                  {pd product} {ergonomic}

Logging:
Log output configuration:
 #0: stdout all=warning uptime,level,tags
 #1: stderr all=off uptime,level,tags

Environment Variables:
JAVA_HOME=D:\2022.3.48f1\Editor\Data\PlaybackEngines\AndroidPlayer\OpenJDK
PATH=C:\WINDOWS\system32;C:\WINDOWS;C:\WINDOWS\System32\Wbem;C:\WINDOWS\System32\WindowsPowerShell\v1.0\;C:\WINDOWS\System32\OpenSSH\;C:\Program Files\Microsoft SQL Server\150\Tools\Binn\;C:\Program Files\Microsoft SQL Server\Client SDK\ODBC\170\Tools\Binn\;C:\Program Files\dotnet\;C:\Program Files (x86)\Windows Kits\10\Windows Performance Toolkit\;C:\Program Files\MySQL\MySQL Server 8.0\bin;C:\Program Files\MySQL\MySQL Shell 8.0\bin;C:\Users\EliteBook\AppData\Local\Programs\Python\Python312\Scripts\;C:\Users\EliteBook\AppData\Local\Programs\Python\Python312\;C:\Users\EliteBook\AppData\Local\Programs\Python\Launcher\;C:\Program Files\MySQL\MySQL Shell 8.0\bin\;C:\Users\EliteBook\AppData\Local\Microsoft\WindowsApps;C:\Users\EliteBook\.dotnet\tools;C:\Program Files\JetBrains\CLion 2023.2.2\bin;;C:\Program Files\JetBrains\JetBrains Rider 2023.2.2\bin;;C:\Users\EliteBook\AppData\Local\GitHubDesktop\bin;C:\Program Files\MySQL\MySQL Server 8.0\bin;C:\Program Files\MySQL\MySQL Shell 8.0\bin;C:\Users\EliteBook\AppData\Local\Programs\Microsoft VS Code\bin
USERNAME=Nauman
OS=Windows_NT
PROCESSOR_IDENTIFIER=Intel64 Family 6 Model 142 Stepping 10, GenuineIntel



---------------  S Y S T E M  ---------------

OS: Windows 11 , 64 bit Build 22621 (10.0.22621.4391)
OS uptime: 3 days 15:22 hours

CPU:total 8 (initial active 8) (4 cores per cpu, 2 threads per core) family 6 model 142 stepping 10 microcode 0xf6, cmov, cx8, fxsr, mmx, sse, sse2, sse3, ssse3, sse4.1, sse4.2, popcnt, avx, avx2, aes, clmul, erms, rtm, 3dnowpref, lzcnt, ht, tsc, tscinvbit, bmi1, bmi2, adx, fma

Memory: 4k page, system-wide physical 8035M (395M free)
TotalPageFile size 23170M (AvailPageFile size 2M)
current process WorkingSet (physical memory assigned to process): 137M, peak: 137M
current process commit charge ("private bytes"): 242M, peak: 243M

vm_info: OpenJDK 64-Bit Server VM (11.0.14.1+1) for windows-amd64 JRE (11.0.14.1+1), built on Feb  9 2022 01:48:27 by "" with unknown MS VC++:1916

END.
